<?xml version="1.0" encoding="UTF-8" standalone="no"?>
<testsuite failures="0" name="cucumber.runtime.formatter.JUnitFormatter" skipped="0" tests="3" time="10.365736">
    <testcase classname="ComprarProduto" name="Selecionar um produto na página" time="10.365448">
        <system-out>
            <![CDATA[Given Usuário está na Home Page.............................................passed
When Usuário escolhe um produto.............................................passed
Then É redirecionado para a página de descrição do produto..................passed
]]>
        </system-out>
    </testcase>
    <testcase classname="ComprarProduto" name="Adicionar um produto no carrinho" time="0.000121">
        <system-out>
            <![CDATA[Given Usuário está na página de descrição de seu produto....................passed
When Usuário adiciona seu produto no carrinho...............................passed
Then O usuário vai para a página de confirmação de seu item no carrinho.....passed
]]>
        </system-out>
    </testcase>
    <testcase classname="ComprarProduto" name="Finalizar a compra do produto" time="0.000167">
        <system-out>
            <![CDATA[Given Usuário está na pagina de confirmação.................................passed
And Procede para o checkout.................................................passed
When O usuário confirma o valor da compra...................................passed
Then O usuário finaliza a compra............................................passed
]]>
        </system-out>
    </testcase>
</testsuite>
